<?xml version="1.0" encoding="UTF-8"?>
<testsuite name="org.fruip.helper.sql.SqlParserTest" tests="2" skipped="0" failures="0" errors="0" timestamp="2020-05-20T02:58:13" hostname="mikelandeMacBook-Pro.local" time="0.192">
  <properties/>
  <testcase name="TestIssue16_Can_not_work_with_goland_windows_version" classname="org.fruip.helper.sql.SqlParserTest" time="0.178"/>
  <testcase name="TestExecute" classname="org.fruip.helper.sql.SqlParserTest" time="0.014"/>
  <system-out><![CDATA[]]></system-out>
  <system-err><![CDATA[]]></system-err>
</testsuite>
